<?xml version="1.0" encoding="UTF-8"?>
<!-- Generated by org.testng.reporters.JUnitReportReporter -->
<testsuite skipped="0" hostname="DESKTOP-8S13367" name="com.crm.qa.testcases.LoginPageTest" tests="3" failures="0" timestamp="17 Jun 2018 16:15:27 GMT" time="61.555" errors="0">
  <testcase name="loginPageTitleTest" time="14.325" classname="com.crm.qa.testcases.LoginPageTest"/>
  <testcase name="crmLOgoImageTest" time="12.936" classname="com.crm.qa.testcases.LoginPageTest"/>
  <testcase name="loginTest" time="34.294" classname="com.crm.qa.testcases.LoginPageTest"/>
</testsuite> <!-- com.crm.qa.testcases.LoginPageTest -->
