<?xml version="1.0" encoding="UTF-8"?>
<!-- Generated by org.testng.reporters.JUnitReportReporter -->
<testsuite skipped="0" hostname="DESKTOP-8S13367" name="com.crm.qa.testcases.LoginPageTest" tests="3" failures="0" timestamp="18 Jun 2018 13:13:23 GMT" time="97.984" errors="0">
  <testcase name="loginPageTitleTest" time="27.520" classname="com.crm.qa.testcases.LoginPageTest"/>
  <testcase name="crmLOgoImageTest" time="20.254" classname="com.crm.qa.testcases.LoginPageTest"/>
  <testcase name="loginTest" time="50.210" classname="com.crm.qa.testcases.LoginPageTest"/>
</testsuite> <!-- com.crm.qa.testcases.LoginPageTest -->
